[debug] [2021-01-25T03:37:56.506Z] ----------------------------------------------------------------------
[debug] [2021-01-25T03:37:56.525Z] Command:       C:\Program Files\nodejs\node.exe C:\Users\Isaac\AppData\Roaming\npm\node_modules\firebase-tools\lib\bin\firebase.js init hosting
[debug] [2021-01-25T03:37:56.527Z] CLI Version:   9.2.2
[debug] [2021-01-25T03:37:56.528Z] Platform:      win32
[debug] [2021-01-25T03:37:56.530Z] Node Version:  v12.18.0
[debug] [2021-01-25T03:37:56.540Z] Time:          Mon Jan 25 2021 04:37:56 GMT+0100 (West Africa Standard Time)
[debug] [2021-01-25T03:37:56.542Z] ----------------------------------------------------------------------
[debug] [2021-01-25T03:37:56.544Z] 
[debug] [2021-01-25T03:37:56.646Z] > command requires scopes: ["email","openid","https://www.googleapis.com/auth/cloudplatformprojects.readonly","https://www.googleapis.com/auth/firebase","https://www.googleapis.com/auth/cloud-platform"]
[debug] [2021-01-25T03:37:56.652Z] > authorizing via signed-in user
[info] 
     ######## #### ########  ######## ########     ###     ######  ########
     ##        ##  ##     ## ##       ##     ##  ##   ##  ##       ##
     ######    ##  ########  ######   ########  #########  ######  ######
     ##        ##  ##    ##  ##       ##     ## ##     ##       ## ##
     ##       #### ##     ## ######## ########  ##     ##  ######  ########

You're about to initialize a Firebase project in this directory:

  C:\Users\Isaac\Desktop\Full Stack Web Development Course\hooks-news

Before we get started, keep in mind:

  * You are initializing in an existing Firebase project directory

[info] 
=== Project Setup
[info] 
[info] First, let's associate this project directory with a Firebase project.
[info] You can create multiple project aliases by running firebase use --add, 
[info] but for now we'll just set up a default project.
[info] 
[info] i  .firebaserc already has a default project, using hooks-news-app-isaac. 
[debug] [2021-01-25T03:38:14.658Z] >>> [apiv2][query] GET https://firebase.googleapis.com/v1beta1/projects/hooks-news-app-isaac [none]
[debug] [2021-01-25T03:38:15.431Z] <<< [apiv2][status] GET https://firebase.googleapis.com/v1beta1/projects/hooks-news-app-isaac 200
[debug] [2021-01-25T03:38:15.433Z] <<< [apiv2][body] GET https://firebase.googleapis.com/v1beta1/projects/hooks-news-app-isaac {"projectId":"hooks-news-app-isaac","projectNumber":"941174224941","displayName":"hooks-news-app","name":"projects/hooks-news-app-isaac","resources":{"hostingSite":"hooks-news-app-isaac","storageBucket":"hooks-news-app-isaac.appspot.com","locationId":"us-central"},"state":"ACTIVE"}
[info] 
=== Hosting Setup
[info] 
[info] Your public directory is the folder (relative to your project directory) that
[info] will contain Hosting assets to be uploaded with firebase deploy. If you
[info] have a build process for your assets, use your build's output directory.
[info] 
[debug] [2021-01-25T03:39:05.284Z] >>> [apiv2][query] GET https://www.gstatic.com/firebasejs/releases.json [none]
[debug] [2021-01-25T03:39:05.606Z] <<< [apiv2][status] GET https://www.gstatic.com/firebasejs/releases.json 200
[debug] [2021-01-25T03:39:05.607Z] <<< [apiv2][body] GET https://www.gstatic.com/firebasejs/releases.json {"current":{"version":"8.2.4","browserURL":"https://www.gstatic.com/firebasejs/8.2.4/firebase.js","packageURL":"https://www.gstatic.com/firebasejs/8.2.4/firebase.tgz"},"live":{"version":"8.2","browserURL":"https://www.gstatic.com/firebasejs/live/8.2/firebase.js","packageURL":"https://www.gstatic.com/firebasejs/live/8.2/firebase.tgz"},"components":{"analytics":"https://www.gstatic.com/firebasejs/8.2.4/firebase-analytics.js","app":"https://www.gstatic.com/firebasejs/8.2.4/firebase-app.js","auth":"https://www.gstatic.com/firebasejs/8.2.4/firebase-auth.js","database":"https://www.gstatic.com/firebasejs/8.2.4/firebase-database.js","firestore":"https://www.gstatic.com/firebasejs/8.2.4/firebase-firestore.js","functions":"https://www.gstatic.com/firebasejs/8.2.4/firebase-functions.js","installations":"https://www.gstatic.com/firebasejs/8.2.4/firebase-installations.js","messaging":"https://www.gstatic.com/firebasejs/8.2.4/firebase-messaging.js","storage":"https://www.gstatic.com/firebasejs/8.2.4/firebase-storage.js","performance":"https://www.gstatic.com/firebasejs/8.2.4/firebase-performance.js","remote-config":"https://www.gstatic.com/firebasejs/8.2.4/firebase-remote-config.js","firestore.memory":"https://www.gstatic.com/firebasejs/8.2.4/firebase-firestore.memory.js"}}
[info] i  Skipping write of build/index.html 
[info] 
[info] i  Detected a .git folder at C:\Users\Isaac\Desktop\Full Stack Web Development Course\hooks-news 
[info] i  Authorizing with GitHub to upload your service account to a GitHub repository's secrets store. 
[info] 
[info] Visit this URL on this device to log in:
[info] https://github.com/login/oauth/authorize?client_id=89cf50f02ac6aaed3484&state=997430247&redirect_uri=http%3A%2F%2Flocalhost%3A9005&scope=read%3Auser%20repo%20public_repo
[info] 
[info] Waiting for authentication...
[debug] [2021-01-25T03:39:56.053Z] >>> HTTP REQUEST POST https://github.com/login/oauth/access_token  
 {"client_id":"89cf50f02ac6aaed3484","client_secret":"3330d14abc895d9a74d5f17cd7a00711fa2c5bf0","code":"d63ff6ff027e0d1eb8a2","redirect_uri":"http://localhost:9005","state":"997430247"}
[debug] [2021-01-25T03:39:56.812Z] <<< HTTP RESPONSE 200 {"date":"Mon, 25 Jan 2021 03:36:44 GMT","content-type":"application/json; charset=utf-8","transfer-encoding":"chunked","server":"GitHub.com","status":"200 OK","vary":"X-PJAX, Accept-Encoding, Accept, X-Requested-With, Accept-Encoding","etag":"W/\"72a0b860cdcc0fd76ef8778b9f7491ee\"","cache-control":"max-age=0, private, must-revalidate","strict-transport-security":"max-age=31536000; includeSubdomains; preload","x-frame-options":"deny","x-content-type-options":"nosniff","x-xss-protection":"1; mode=block","referrer-policy":"origin-when-cross-origin, strict-origin-when-cross-origin","expect-ct":"max-age=2592000, report-uri=\"https://api.github.com/_private/browser/errors\"","content-security-policy":"default-src 'none'; base-uri 'self'; block-all-mixed-content; connect-src 'self' uploads.github.com www.githubstatus.com collector.githubapp.com api.github.com github-cloud.s3.amazonaws.com github-production-repository-file-5c1aeb.s3.amazonaws.com github-production-upload-manifest-file-7fdce7.s3.amazonaws.com github-production-user-asset-6210df.s3.amazonaws.com cdn.optimizely.com logx.optimizely.com/v1/events wss://alive.github.com; font-src github.githubassets.com; form-action 'self' github.com gist.github.com; frame-ancestors 'none'; frame-src render.githubusercontent.com; img-src 'self' data: github.githubassets.com identicons.github.com collector.githubapp.com github-cloud.s3.amazonaws.com *.githubusercontent.com; manifest-src 'self'; media-src 'none'; script-src github.githubassets.com; style-src 'unsafe-inline' github.githubassets.com; worker-src github.com/socket-worker-5029ae85.js gist.github.com/socket-worker-5029ae85.js","x-github-request-id":"D045:D3E5:2B0F2E6:3735FAA:600E3CCC"}
[debug] [2021-01-25T03:39:56.820Z] >>> [apiv2][query] GET https://api.github.com/user [none]
[debug] [2021-01-25T03:39:57.592Z] <<< [apiv2][status] GET https://api.github.com/user 200
[debug] [2021-01-25T03:39:57.593Z] <<< [apiv2][body] GET https://api.github.com/user {"login":"Laughter2000","id":53254390,"node_id":"MDQ6VXNlcjUzMjU0Mzkw","avatar_url":"https://avatars.githubusercontent.com/u/53254390?v=4","gravatar_id":"","url":"https://api.github.com/users/Laughter2000","html_url":"https://github.com/Laughter2000","followers_url":"https://api.github.com/users/Laughter2000/followers","following_url":"https://api.github.com/users/Laughter2000/following{/other_user}","gists_url":"https://api.github.com/users/Laughter2000/gists{/gist_id}","starred_url":"https://api.github.com/users/Laughter2000/starred{/owner}{/repo}","subscriptions_url":"https://api.github.com/users/Laughter2000/subscriptions","organizations_url":"https://api.github.com/users/Laughter2000/orgs","repos_url":"https://api.github.com/users/Laughter2000/repos","events_url":"https://api.github.com/users/Laughter2000/events{/privacy}","received_events_url":"https://api.github.com/users/Laughter2000/received_events","type":"User","site_admin":false,"name":"Isaac Amunenwa","company":null,"blog":"","location":null,"email":null,"hireable":null,"bio":null,"twitter_username":null,"public_repos":31,"public_gists":0,"followers":0,"following":1,"created_at":"2019-07-24T07:59:38Z","updated_at":"2021-01-25T03:36:41Z","private_gists":0,"total_private_repos":7,"owned_private_repos":7,"disk_usage":28082,"collaborators":0,"two_factor_authentication":false,"plan":{"name":"pro","space":976562499,"collaborators":0,"private_repos":9999}}
[info] 
[info] +  Success! Logged into GitHub as Laughter2000 
[info] 
